<?xml version="1.0" encoding="UTF-8"?>
<!-- Generated by org.testng.reporters.JUnitReportReporter -->
<testsuite skipped="0" hostname="mac-dantal.ro.centric.lan" name="com.schooltas.dashboard.tests.LoginTests" tests="1" failures="0" timestamp="16 Nov 2017 15:43:42 GMT" time="0.650" errors="0">
  <testcase name="dashboadLogin" time="0.650" classname="com.schooltas.dashboard.tests.LoginTests"/>
</testsuite> <!-- com.schooltas.dashboard.tests.LoginTests -->
