<?xml version="1.0" encoding="UTF-8"?>
<!-- Generated by org.testng.reporters.JUnitReportReporter -->
<testsuite skipped="0" hostname="mac-dantal.local" name="com.schooltas.dashboard.tests.bookTests.BookTests" tests="1" failures="0" timestamp="15 Dec 2017 18:21:15 GMT" time="89.174" errors="0">
  <testcase name="createBookFromBookOverviewPage" time="89.174" classname="com.schooltas.dashboard.tests.bookTests.BookTests"/>
</testsuite> <!-- com.schooltas.dashboard.tests.bookTests.BookTests -->
